#
# There is insufficient memory for the Java Runtime Environment to continue.
# Native memory allocation (mmap) failed to map 266338304 bytes for Failed to commit area from 0x0000000702400000 to 0x0000000712200000 of length 266338304.
# Possible reasons:
#   The system is out of physical RAM or swap space
#   The process is running with CompressedOops enabled, and the Java Heap may be blocking the growth of the native heap
# Possible solutions:
#   Reduce memory load on the system
#   Increase physical memory or swap space
#   Check if swap backing store is full
#   Decrease Java heap size (-Xmx/-Xms)
#   Decrease number of Java threads
#   Decrease Java thread stack sizes (-Xss)
#   Set larger code cache with -XX:ReservedCodeCacheSize=
# This output file may be truncated or incomplete.
#
#  Out of Memory Error (./open/src/hotspot/os/windows/os_windows.cpp:3273), pid=9256, tid=15788
#
# JRE version:  (11.0.11+9) (build )
# Java VM: Java HotSpot(TM) 64-Bit Server VM (11.0.11+9-LTS-194, mixed mode, sharing, tiered, compressed oops, g1 gc, windows-amd64)
# No core dump will be written. Minidumps are not enabled by default on client versions of Windows
#

---------------  S U M M A R Y ------------

Command Line: 

Host: Intel(R) Core(TM) i7-8750H CPU @ 2.20GHz, 12 cores, 15G,  Windows 10 , 64 bit Build 19041 (10.0.19041.1202)
Time: Mon Nov  8 14:03:20 2021 SE Asia Standard Time elapsed time: 0.018757 seconds (0d 0h 0m 0s)

---------------  T H R E A D  ---------------

Current thread (0x00000215d3d4d800):  JavaThread "Unknown thread" [_thread_in_vm, id=15788, stack(0x000000b8ee900000,0x000000b8eea00000)]

Stack: [0x000000b8ee900000,0x000000b8eea00000]
Native frames: (J=compiled Java code, j=interpreted, Vv=VM code, C=native code)
V  [jvm.dll+0x616f2a]
V  [jvm.dll+0x74de7f]
V  [jvm.dll+0x74f505]
V  [jvm.dll+0x74fb83]
V  [jvm.dll+0x2436d8]
V  [jvm.dll+0x61431a]
V  [jvm.dll+0x6090f5]
V  [jvm.dll+0x2f7eec]
V  [jvm.dll+0x2f7d72]
V  [jvm.dll+0x2fca26]
V  [jvm.dll+0x33efef]
V  [jvm.dll+0x33ea20]
V  [jvm.dll+0x2d5608]
V  [jvm.dll+0x2d6766]
V  [jvm.dll+0x7299e7]
V  [jvm.dll+0x72b28f]
V  [jvm.dll+0x34bd39]
V  [jvm.dll+0x70f360]
V  [jvm.dll+0x3b50df]
V  [jvm.dll+0x3b71e1]
C  [jli.dll+0x520b]
C  [ucrtbase.dll+0x21bb2]
C  [KERNEL32.DLL+0x17034]
C  [ntdll.dll+0x52651]


---------------  P R O C E S S  ---------------

Threads class SMR info:
_java_thread_list=0x00000215d1bdc1d0, length=0, elements={
}

Java Threads: ( => current thread )

Other Threads:
  0x00000215d3d63800 GCTaskThread "GC Thread#0" [stack: 0x000000b8eea00000,0x000000b8eeb00000] [id=18004]
  0x00000215d3dbf000 ConcurrentGCThread "G1 Main Marker" [stack: 0x000000b8eeb00000,0x000000b8eec00000] [id=16996]
  0x00000215d3dc1800 ConcurrentGCThread "G1 Conc#0" [stack: 0x000000b8eec00000,0x000000b8eed00000] [id=9312]

[error occurred during error reporting (printing all threads), id 0xc0000005, EXCEPTION_ACCESS_VIOLATION (0xc0000005) at pc=0x00007ff8a2974857]

VM state:not at safepoint (not fully initialized)

VM Mutex/Monitor currently owned by a thread:  ([mutex/lock_event])
[0x00000215d3d49fe0] Heap_lock - owner thread: 0x00000215d3d4d800

Heap address: 0x0000000702400000, size: 4060 MB, Compressed Oops mode: Non-zero based: 0x0000000702400000
Narrow klass base: 0x0000000000000000, Narrow klass shift: 0

GC Heap History (0 events):
No events

Deoptimization events (0 events):
No events

Classes redefined (0 events):
No events

Internal exceptions (0 events):
No events

Events (0 events):
No events


Dynamic libraries:
0x00007ff734190000 - 0x00007ff73419f000 	C:\Program Files\Java\jdk-11.0.11\bin\java.exe
0x00007ff924a30000 - 0x00007ff924c25000 	C:\WINDOWS\SYSTEM32\ntdll.dll
0x00007ff922e60000 - 0x00007ff922f1e000 	C:\WINDOWS\System32\KERNEL32.DLL
0x00007ff9226a0000 - 0x00007ff922969000 	C:\WINDOWS\System32\KERNELBASE.dll
0x00007ff9222e0000 - 0x00007ff9223e0000 	C:\WINDOWS\System32\ucrtbase.dll
0x00007ff8f3b40000 - 0x00007ff8f3b55000 	C:\Program Files\Java\jdk-11.0.11\bin\VCRUNTIME140.dll
0x00007ff8fe550000 - 0x00007ff8fe568000 	C:\Program Files\Java\jdk-11.0.11\bin\jli.dll
0x00007ff924840000 - 0x00007ff9248ec000 	C:\WINDOWS\System32\ADVAPI32.dll
0x00007ff922dc0000 - 0x00007ff922e5e000 	C:\WINDOWS\System32\msvcrt.dll
0x00007ff9248f0000 - 0x00007ff92498b000 	C:\WINDOWS\System32\sechost.dll
0x00007ff9236c0000 - 0x00007ff9237ea000 	C:\WINDOWS\System32\RPCRT4.dll
0x00007ff922c10000 - 0x00007ff922db1000 	C:\WINDOWS\System32\USER32.dll
0x00007ff90abd0000 - 0x00007ff90ae6a000 	C:\WINDOWS\WinSxS\amd64_microsoft.windows.common-controls_6595b64144ccf1df_6.0.19041.1110_none_60b5254171f9507e\COMCTL32.dll
0x00007ff9222b0000 - 0x00007ff9222d2000 	C:\WINDOWS\System32\win32u.dll
0x00007ff923140000 - 0x00007ff92316b000 	C:\WINDOWS\System32\GDI32.dll
0x00007ff922560000 - 0x00007ff92266b000 	C:\WINDOWS\System32\gdi32full.dll
0x00007ff922430000 - 0x00007ff9224cd000 	C:\WINDOWS\System32\msvcp_win.dll
0x00007ff91b200000 - 0x00007ff91b20a000 	C:\WINDOWS\SYSTEM32\VERSION.dll
0x00007ff922b50000 - 0x00007ff922b80000 	C:\WINDOWS\System32\IMM32.DLL
0x00007ff8ebdb0000 - 0x00007ff8ebe4b000 	C:\Program Files\Java\jdk-11.0.11\bin\msvcp140.dll
0x00007ff8a2690000 - 0x00007ff8a318e000 	C:\Program Files\Java\jdk-11.0.11\bin\server\jvm.dll
0x00007ff9238a0000 - 0x00007ff9238a8000 	C:\WINDOWS\System32\PSAPI.DLL
0x00007ff913240000 - 0x00007ff913267000 	C:\WINDOWS\SYSTEM32\WINMM.dll
0x00007ff911b00000 - 0x00007ff911b09000 	C:\WINDOWS\SYSTEM32\WSOCK32.dll
0x00007ff922f20000 - 0x00007ff922f8b000 	C:\WINDOWS\System32\WS2_32.dll
0x00007ff9209c0000 - 0x00007ff9209d2000 	C:\WINDOWS\SYSTEM32\kernel.appcore.dll
0x00007ff902db0000 - 0x00007ff902dc0000 	C:\Program Files\Java\jdk-11.0.11\bin\verify.dll
0x00007ff91ff40000 - 0x00007ff920124000 	C:\WINDOWS\SYSTEM32\DBGHELP.DLL
0x00007ff90f110000 - 0x00007ff90f13c000 	C:\WINDOWS\SYSTEM32\dbgcore.DLL
0x00007ff9224d0000 - 0x00007ff922553000 	C:\WINDOWS\System32\bcryptPrimitives.dll
0x00007ff8f3110000 - 0x00007ff8f3138000 	C:\Program Files\Java\jdk-11.0.11\bin\java.dll
0x00007ff8f3b30000 - 0x00007ff8f3b3a000 	C:\Program Files\Java\jdk-11.0.11\bin\jimage.dll
0x00007ff8f30f0000 - 0x00007ff8f3106000 	C:\Program Files\Java\jdk-11.0.11\bin\zip.dll

dbghelp: loaded successfully - version: 4.0.5 - missing functions: none
symbol engine: initialized successfully - sym options: 0x614 - pdb path: .;C:\Program Files\Java\jdk-11.0.11\bin;C:\WINDOWS\SYSTEM32;C:\WINDOWS\WinSxS\amd64_microsoft.windows.common-controls_6595b64144ccf1df_6.0.19041.1110_none_60b5254171f9507e;C:\Program Files\Java\jdk-11.0.11\bin\server

VM Arguments:
java_command: <unknown>
java_class_path (initial): <not set>
Launcher Type: SUN_STANDARD

[Global flags]
     intx CICompilerCount                          = 4                                         {product} {ergonomic}
     uint ConcGCThreads                            = 3                                         {product} {ergonomic}
     uint G1ConcRefinementThreads                  = 10                                        {product} {ergonomic}
   size_t G1HeapRegionSize                         = 1048576                                   {product} {ergonomic}
    uintx GCDrainStackTargetSize                   = 64                                        {product} {ergonomic}
   size_t InitialHeapSize                          = 266338304                                 {product} {ergonomic}
   size_t MarkStackSize                            = 4194304                                   {product} {ergonomic}
   size_t MaxHeapSize                              = 4257218560                                {product} {ergonomic}
   size_t MinHeapDeltaBytes                        = 1048576                                   {product} {ergonomic}
    uintx NonNMethodCodeHeapSize                   = 5836300                                {pd product} {ergonomic}
    uintx NonProfiledCodeHeapSize                  = 122910970                              {pd product} {ergonomic}
    uintx ProfiledCodeHeapSize                     = 122910970                              {pd product} {ergonomic}
    uintx ReservedCodeCacheSize                    = 251658240                              {pd product} {ergonomic}
     bool SegmentedCodeCache                       = true                                      {product} {ergonomic}
     bool UseCompressedClassPointers               = true                                 {lp64_product} {ergonomic}
     bool UseCompressedOops                        = true                                 {lp64_product} {ergonomic}
     bool UseG1GC                                  = true                                      {product} {ergonomic}
     bool UseLargePagesIndividualAllocation        = false                                  {pd product} {ergonomic}

Logging:
Log output configuration:
 #0: stdout all=warning uptime,level,tags
 #1: stderr all=off uptime,level,tags

Environment Variables:
PATH=E:\Telkom\code\ama-scoring-mobile-feature-nicholas-pagescoring\android\node_modules\.bin;E:\Telkom\code\ama-scoring-mobile-feature-nicholas-pagescoring\node_modules\.bin;E:\Telkom\code\node_modules\.bin;E:\Telkom\node_modules\.bin;E:\node_modules\.bin;E:\File\NodeJs;C:\Users\62821\AppData\Local\Temp\yarn--1636354987633-0.6424644995591011;E:\Telkom\code\ama-scoring-mobile-feature-nicholas-pagescoring\node_modules\.bin;C:\Users\62821\AppData\Local\Yarn\Data\link\node_modules\.bin;C:\Users\62821\AppData\Local\Yarn\bin;E:\File\libexec\lib\node_modules\npm\bin\node-gyp-bin;E:\File\lib\node_modules\npm\bin\node-gyp-bin;E:\File\NodeJs\node_modules\npm\bin\node-gyp-bin;C:\Program Files\Common Files\Oracle\Java\javapath;C:\Program Files\AdoptOpenJDK\jdk-15.0.2.7-hotspot\bin;C:\Program Files (x86)\Intel\Intel(R) Management Engine Components\iCLS\;C:\Program Files\Intel\Intel(R) Management Engine Components\iCLS\;C:\Windows\system32;C:\Windows;C:\Windows\System32\Wbem;C:\Windows\System32\WindowsPowerShell\v1.0\;C:\Program Files (x86)\Intel\Intel(R) Management Engine Components\DAL;C:\Program Files\Intel\Intel(R) Management Engine Components\DAL;C:\Program Files (x86)\Intel\Intel(R) Management Engine Components\IPT;C:\Program Files\Intel\Intel(R) Management Engine Components\IPT;C:\Program Files (x86)\NVIDIA Corporation\PhysX\Common;C:\Program Files\Intel\WiFi\bin\;C:\Program Files\Common Files\Intel\WirelessCommon\;C:\WINDOWS\system32;C:\WINDOWS;C:\WINDOWS\System32\Wbem;C:\WINDOWS\System32\WindowsPowerShell\v1.0\;C:\WINDOWS\System32\OpenSSH\;C:\flutter\bin;C:\Program Files\Azure Data Studio\bin;C:\Program Files\NVIDIA Corporation\NVIDIA NvDLISR;E:\File\XAMPP\php;C:\ProgramData\ComposerSetup\bin;E:\File\NodeJs\;E:\File\Git\cmd;C:\Users\62821\AppData\Local\Programs\Python\Python39\Scripts\;C:\Users\62821\AppData\Local\Programs\Python\Python39\;C:\Users\62821\AppData\Local\Microsoft\WindowsApps;E:\Microsoft VS Code\bin;E:\File\Cisco\IntelliJ IDEA 2021.1\bin;;C:\flutter\bin;C:\P
USERNAME=62821
OS=Windows_NT
PROCESSOR_IDENTIFIER=Intel64 Family 6 Model 158 Stepping 10, GenuineIntel



---------------  S Y S T E M  ---------------

OS: Windows 10 , 64 bit Build 19041 (10.0.19041.1202)

CPU:total 12 (initial active 12) (6 cores per cpu, 2 threads per core) family 6 model 158 stepping 10 microcode 0xd2, cmov, cx8, fxsr, mmx, sse, sse2, sse3, ssse3, sse4.1, sse4.2, popcnt, avx, avx2, aes, clmul, erms, 3dnowpref, lzcnt, ht, tsc, tscinvbit, bmi1, bmi2, adx, fma

Memory: 4k page, system-wide physical 16238M (685M free)
TotalPageFile size 29138M (AvailPageFile size 204M)
current process WorkingSet (physical memory assigned to process): 9M, peak: 10M
current process commit charge ("private bytes"): 64M, peak: 318M

vm_info: Java HotSpot(TM) 64-Bit Server VM (11.0.11+9-LTS-194) for windows-amd64 JRE (11.0.11+9-LTS-194), built on Mar 18 2021 18:46:53 by "mach5one" with MS VC++ 15.9 (VS2017)

END.
